<?xml version="1.0" encoding="UTF-8"?>
<!-- Generated by org.testng.reporters.JUnitReportReporter -->
<testsuite hostname="eprupetw0194" name="com.bromine.test.example1" tests="1" failures="0" timestamp="26 Apr 2012 07:57:10 GMT" time="0.015" errors="0">
  <testcase name="testNullPointerException" time="0.015" classname="com.bromine.test.example1"/>
</testsuite> <!-- com.bromine.test.example1 -->
