<?xml version="1.0" encoding="UTF-8"?>
<!-- Generated by org.testng.reporters.JUnitReportReporter -->
<testsuite hostname="eprupetw0194" name="com.bromine.test.LoginTest" tests="1" failures="0" timestamp="27 Apr 2012 05:02:18 GMT" time="14.093" errors="0">
  <testcase name="testUntitled" time="14.093" classname="com.bromine.test.LoginTest"/>
</testsuite> <!-- com.bromine.test.LoginTest -->
