<?xml version="1.0" encoding="UTF-8"?>
<!-- Generated by org.testng.reporters.JUnitReportReporter -->
<testsuite hostname="eprupetw0194" name="com.bromine.test.example" tests="2" failures="0" timestamp="26 Apr 2012 07:50:14 GMT" time="0.000" errors="0">
  <testcase name="test2" time="0.000" classname="com.bromine.test.example"/>
  <testcase name="test1" time="0.000" classname="com.bromine.test.example"/>
</testsuite> <!-- com.bromine.test.example -->
