<?xml version="1.0" encoding="UTF-8"?>
<!-- Generated by org.testng.reporters.JUnitReportReporter -->
<testsuite hostname="eprupetw0194" name="com.bromine.test.LoginTest" tests="1" failures="0" timestamp="26 Apr 2012 13:21:34 GMT" time="17.172" errors="0">
  <testcase name="testUntitled" time="17.172" classname="com.bromine.test.LoginTest"/>
</testsuite> <!-- com.bromine.test.LoginTest -->
