<?xml version="1.0" encoding="UTF-8"?>
<!-- Generated by org.testng.reporters.JUnitReportReporter -->
<testsuite hostname="eprupetw0194" name="com.bromine.test.exception" tests="1" failures="0" timestamp="26 Apr 2012 07:55:01 GMT" time="0.016" errors="0">
  <testcase name="testNullPointerException" time="0.016" classname="com.bromine.test.exception"/>
</testsuite> <!-- com.bromine.test.exception -->
